<?xml version="1.0" encoding="UTF-8"?>
<!-- Generated by org.testng.reporters.JUnitReportReporter -->
<testsuite hostname="kuba-Komputer" name="testng.RegTest" tests="2" failures="0" timestamp="21 Feb 2015 17:20:30 GMT" time="0.011" errors="0">
  <testcase name="doRegister" time="0.001" classname="testng.RegTest"/>
  <testcase name="doRegister" time="0.010" classname="testng.RegTest"/>
</testsuite> <!-- testng.RegTest -->
