<?xml version="1.0" encoding="UTF-8"?>
<!-- Generated by org.testng.reporters.JUnitReportReporter -->
<testsuite hostname="kuba-Komputer" name="testnglistener.LoginTest" tests="2" failures="0" timestamp="21 Feb 2015 18:46:01 GMT" time="0.012" errors="0">
  <testcase name="loginAdmin" time="0.000" classname="testnglistener.LoginTest"/>
  <testcase name="login" time="0.012" classname="testnglistener.LoginTest"/>
</testsuite> <!-- testnglistener.LoginTest -->
