<?xml version="1.0" encoding="UTF-8"?>
<!-- Generated by org.testng.reporters.JUnitReportReporter -->
<testsuite hostname="kuba-Komputer" name="testng.YahooTest" tests="2" failures="0" timestamp="21 Feb 2015 10:07:36 GMT" time="0.001" errors="0">
  <testcase name="testSendMail" time="0.000" classname="testng.YahooTest"/>
  <testcase name="testReciveMail" time="0.001" classname="testng.YahooTest"/>
</testsuite> <!-- testng.YahooTest -->
